This is pdfTeX, Version 3.141592653-2.6-1.40.24 (MiKTeX 22.7) (preloaded format=pdflatex 2022.10.11)  11 OCT 2022 18:17
entering extended mode
 restricted \write18 enabled.
 file:line:error style messages enabled.
 %&-line parsing enabled.
**./scope.TEX
(scope.TEX
LaTeX2e <2022-06-01> patch level 5
L3 programming layer <2022-07-04>
(C:\Users\1\AppData\Local\Programs\MiKTeX\tex/latex/base\article.cls
Document Class: article 2021/10/04 v1.4n Standard LaTeX document class
(C:\Users\1\AppData\Local\Programs\MiKTeX\tex/latex/base\size10.clo
File: size10.clo 2021/10/04 v1.4n Standard LaTeX file (size option)
)
\c@part=\count185
\c@section=\count186
\c@subsection=\count187
\c@subsubsection=\count188
\c@paragraph=\count189
\c@subparagraph=\count190
\c@figure=\count191
\c@table=\count192
\abovecaptionskip=\skip47
\belowcaptionskip=\skip48
\bibindent=\dimen138
)
(C:\Users\1\AppData\Local\Programs\MiKTeX\tex/latex/base\inputenc.sty
Package: inputenc 2021/02/14 v1.3d Input encoding file
\inpenc@prehook=\toks16
\inpenc@posthook=\toks17
)
(C:\Users\1\AppData\Local\Programs\MiKTeX\tex/latex/listings\listings.sty
(C:\Users\1\AppData\Local\Programs\MiKTeX\tex/latex/graphics\keyval.sty
Package: keyval 2022/05/29 v1.15 key=value parser (DPC)
\KV@toks@=\toks18
)
\lst@mode=\count193
\lst@gtempboxa=\box51
\lst@token=\toks19
\lst@length=\count194
\lst@currlwidth=\dimen139
\lst@column=\count195
\lst@pos=\count196
\lst@lostspace=\dimen140
\lst@width=\dimen141
\lst@newlines=\count197
\lst@lineno=\count198
\lst@maxwidth=\dimen142

(C:\Users\1\AppData\Local\Programs\MiKTeX\tex/latex/listings\lstmisc.sty
File: lstmisc.sty 2020/03/24 1.8d (Carsten Heinz)
\c@lstnumber=\count199
\lst@skipnumbers=\count266
\lst@framebox=\box52
)
(C:\Users\1\AppData\Local\Programs\MiKTeX\tex/latex/listings\listings.cfg
File: listings.cfg 2020/03/24 1.8d listings configuration
))
Package: listings 2020/03/24 1.8d (Carsten Heinz)

(C:\Users\1\AppData\Local\Programs\MiKTeX\tex/latex/tools\array.sty
Package: array 2021/10/04 v2.5f Tabular extension package (FMi)
\col@sep=\dimen143
\ar@mcellbox=\box53
\extrarowheight=\dimen144
\NC@list=\toks20
\extratabsurround=\skip49
\backup@length=\skip50
\ar@cellbox=\box54
)
(C:\Users\1\AppData\Local\Programs\MiKTeX\tex/latex/multirow\multirow.sty
Package: multirow 2021/03/15 v2.8 Span multiple rows of a table
\multirow@colwidth=\skip51
\multirow@cntb=\count267
\multirow@dima=\skip52
\bigstrutjot=\dimen145
)
(C:\Users\1\AppData\Local\Programs\MiKTeX\tex/latex/float\float.sty
Package: float 2001/11/08 v1.3d Float enhancements (AL)
\c@float@type=\count268
\float@exts=\toks21
\float@box=\box55
\@float@everytoks=\toks22
\@floatcapt=\box56
)
(C:\Users\1\AppData\Local\Programs\MiKTeX\tex/latex/l3backend\l3backend-pdftex.
def
File: l3backend-pdftex.def 2022-07-01 L3 backend support: PDF output (pdfTeX)
\l__color_backend_stack_int=\count269
\l__pdf_internal_box=\box57
)
(C:/Users\1\OneDrive\–†–∞–±–æ—á–∏–π —Å—Ç–æ–ª\statisticsPro\StatisticsTesting\au
xil\scope.aux)
\openout1 = `scope.aux'.

LaTeX Font Info:    Checking defaults for OML/cmm/m/it on input line 7.
LaTeX Font Info:    ... okay on input line 7.
LaTeX Font Info:    Checking defaults for OMS/cmsy/m/n on input line 7.
LaTeX Font Info:    ... okay on input line 7.
LaTeX Font Info:    Checking defaults for OT1/cmr/m/n on input line 7.
LaTeX Font Info:    ... okay on input line 7.
LaTeX Font Info:    Checking defaults for T1/cmr/m/n on input line 7.
LaTeX Font Info:    ... okay on input line 7.
LaTeX Font Info:    Checking defaults for TS1/cmr/m/n on input line 7.
LaTeX Font Info:    ... okay on input line 7.
LaTeX Font Info:    Checking defaults for OMX/cmex/m/n on input line 7.
LaTeX Font Info:    ... okay on input line 7.
LaTeX Font Info:    Checking defaults for U/cmr/m/n on input line 7.
LaTeX Font Info:    ... okay on input line 7.
\c@lstlisting=\count270
LaTeX Font Info:    External font `cmex10' loaded for size
(Font)              <7> on input line 9.
LaTeX Font Info:    External font `cmex10' loaded for size
(Font)              <5> on input line 9.


scope.TEX:10: LaTeX Error: Unicode character –ì (U+0413)
               not set up for use with LaTeX.

See the LaTeX manual or LaTeX Companion for explanation.
Type  H <return>  for immediate help.
 ...                                              
                                                  
l.10             \bf{–ì
                       —Ä—É–ø–ø–∞} & \bf{–û–≥—Ä–∞–Ω–∏—á–µ–Ω–∏—è} & \bf{–ë–∞–...

You may provide a definition with
\DeclareUnicodeCharacter 


scope.TEX:10: LaTeX Error: Unicode character —Ä (U+0440)
               not set up for use with LaTeX.

See the LaTeX manual or LaTeX Companion for explanation.
Type  H <return>  for immediate help.
 ...                                              
                                                  
l.10             \bf{–ì—Ä
                         —É–ø–ø–∞} & \bf{–û–≥—Ä–∞–Ω–∏—á–µ–Ω–∏—è} & \bf{–ë–∞–...

You may provide a definition with
\DeclareUnicodeCharacter 


scope.TEX:10: LaTeX Error: Unicode character —É (U+0443)
               not set up for use with LaTeX.

See the LaTeX manual or LaTeX Companion for explanation.
Type  H <return>  for immediate help.
 ...                                              
                                                  
l.10             \bf{–ì—Ä—É
                           –ø–ø–∞} & \bf{–û–≥—Ä–∞–Ω–∏—á–µ–Ω–∏—è} & \bf{–ë–∞–...

You may provide a definition with
\DeclareUnicodeCharacter 


scope.TEX:10: LaTeX Error: Unicode character –ø (U+043F)
               not set up for use with LaTeX.

See the LaTeX manual or LaTeX Companion for explanation.
Type  H <return>  for immediate help.
 ...                                              
                                                  
l.10             \bf{–ì—Ä—É–ø
                             –ø–∞} & \bf{–û–≥—Ä–∞–Ω–∏—á–µ–Ω–∏—è} & \bf{–ë–∞–...

You may provide a definition with
\DeclareUnicodeCharacter 


scope.TEX:10: LaTeX Error: Unicode character –ø (U+043F)
               not set up for use with LaTeX.

See the LaTeX manual or LaTeX Companion for explanation.
Type  H <return>  for immediate help.
 ...                                              
                                                  
l.10             \bf{–ì—Ä—É–ø–ø
                               –∞} & \bf{–û–≥—Ä–∞–Ω–∏—á–µ–Ω–∏—è} & \bf{–ë–∞–...

You may provide a definition with
\DeclareUnicodeCharacter 


scope.TEX:10: LaTeX Error: Unicode character –∞ (U+0430)
               not set up for use with LaTeX.

See the LaTeX manual or LaTeX Companion for explanation.
Type  H <return>  for immediate help.
 ...                                              
                                                  
l.10             \bf{–ì—Ä—É–ø–ø–∞
                                 } & \bf{–û–≥—Ä–∞–Ω–∏—á–µ–Ω–∏—è} & \bf{–ë–∞–...

You may provide a definition with
\DeclareUnicodeCharacter 


scope.TEX:10: LaTeX Error: Unicode character –û (U+041E)
               not set up for use with LaTeX.

See the LaTeX manual or LaTeX Companion for explanation.
Type  H <return>  for immediate help.
 ...                                              
                                                  
l.10             \bf{–ì—Ä—É–ø–ø–∞} & \bf{–û
                                           –≥—Ä–∞–Ω–∏—á–µ–Ω–∏—è} & \bf{–ë–∞–...

You may provide a definition with
\DeclareUnicodeCharacter 


scope.TEX:10: LaTeX Error: Unicode character –≥ (U+0433)
               not set up for use with LaTeX.

See the LaTeX manual or LaTeX Companion for explanation.
Type  H <return>  for immediate help.
 ...                                              
                                                  
l.10             \bf{–ì—Ä—É–ø–ø–∞} & \bf{–û–≥
                                             —Ä–∞–Ω–∏—á–µ–Ω–∏—è} & \bf{–ë–∞–...

You may provide a definition with
\DeclareUnicodeCharacter 


scope.TEX:10: LaTeX Error: Unicode character —Ä (U+0440)
               not set up for use with LaTeX.

See the LaTeX manual or LaTeX Companion for explanation.
Type  H <return>  for immediate help.
 ...                                              
                                                  
l.10             \bf{–ì—Ä—É–ø–ø–∞} & \bf{–û–≥—Ä
                                               –∞–Ω–∏—á–µ–Ω–∏—è} & \bf{–ë–∞–...

You may provide a definition with
\DeclareUnicodeCharacter 


scope.TEX:10: LaTeX Error: Unicode character –∞ (U+0430)
               not set up for use with LaTeX.

See the LaTeX manual or LaTeX Companion for explanation.
Type  H <return>  for immediate help.
 ...                                              
                                                  
l.10             \bf{–ì—Ä—É–ø–ø–∞} & \bf{–û–≥—Ä–∞
                                                 –Ω–∏—á–µ–Ω–∏—è} & \bf{–ë–∞–...

You may provide a definition with
\DeclareUnicodeCharacter 


scope.TEX:10: LaTeX Error: Unicode character –Ω (U+043D)
               not set up for use with LaTeX.

See the LaTeX manual or LaTeX Companion for explanation.
Type  H <return>  for immediate help.
 ...                                              
                                                  
l.10 ...        \bf{–ì—Ä—É–ø–ø–∞} & \bf{–û–≥—Ä–∞–Ω
                                                  –∏—á–µ–Ω–∏—è} & \bf{–ë–∞–ª...

You may provide a definition with
\DeclareUnicodeCharacter 


scope.TEX:10: LaTeX Error: Unicode character –∏ (U+0438)
               not set up for use with LaTeX.

See the LaTeX manual or LaTeX Companion for explanation.
Type  H <return>  for immediate help.
 ...                                              
                                                  
l.10 ...      \bf{–ì—Ä—É–ø–ø–∞} & \bf{–û–≥—Ä–∞–Ω–∏
                                                  —á–µ–Ω–∏—è} & \bf{–ë–∞–ª–ª...

You may provide a definition with
\DeclareUnicodeCharacter 


scope.TEX:10: LaTeX Error: Unicode character —á (U+0447)
               not set up for use with LaTeX.

See the LaTeX manual or LaTeX Companion for explanation.
Type  H <return>  for immediate help.
 ...                                              
                                                  
l.10 ...    \bf{–ì—Ä—É–ø–ø–∞} & \bf{–û–≥—Ä–∞–Ω–∏—á
                                                  –µ–Ω–∏—è} & \bf{–ë–∞–ª–ª—ã...

You may provide a definition with
\DeclareUnicodeCharacter 


scope.TEX:10: LaTeX Error: Unicode character –µ (U+0435)
               not set up for use with LaTeX.

See the LaTeX manual or LaTeX Companion for explanation.
Type  H <return>  for immediate help.
 ...                                              
                                                  
l.10 ...  \bf{–ì—Ä—É–ø–ø–∞} & \bf{–û–≥—Ä–∞–Ω–∏—á–µ
                                                  –Ω–∏—è} & \bf{–ë–∞–ª–ª—ã} ...

You may provide a definition with
\DeclareUnicodeCharacter 


scope.TEX:10: LaTeX Error: Unicode character –Ω (U+043D)
               not set up for use with LaTeX.

See the LaTeX manual or LaTeX Companion for explanation.
Type  H <return>  for immediate help.
 ...                                              
                                                  
l.10 ...\bf{–ì—Ä—É–ø–ø–∞} & \bf{–û–≥—Ä–∞–Ω–∏—á–µ–Ω
                                                  –∏—è} & \bf{–ë–∞–ª–ª—ã} & ...

You may provide a definition with
\DeclareUnicodeCharacter 


scope.TEX:10: LaTeX Error: Unicode character –∏ (U+0438)
               not set up for use with LaTeX.

See the LaTeX manual or LaTeX Companion for explanation.
Type  H <return>  for immediate help.
 ...                                              
                                                  
l.10 ...f{–ì—Ä—É–ø–ø–∞} & \bf{–û–≥—Ä–∞–Ω–∏—á–µ–Ω–∏
                                                  —è} & \bf{–ë–∞–ª–ª—ã} & \b...

You may provide a definition with
\DeclareUnicodeCharacter 


scope.TEX:10: LaTeX Error: Unicode character —è (U+044F)
               not set up for use with LaTeX.

See the LaTeX manual or LaTeX Companion for explanation.
Type  H <return>  for immediate help.
 ...                                              
                                                  
l.10 ...–ì—Ä—É–ø–ø–∞} & \bf{–û–≥—Ä–∞–Ω–∏—á–µ–Ω–∏—è
                                                  } & \bf{–ë–∞–ª–ª—ã} & \bf{...

You may provide a definition with
\DeclareUnicodeCharacter 


scope.TEX:10: LaTeX Error: Unicode character –ë (U+0411)
               not set up for use with LaTeX.

See the LaTeX manual or LaTeX Companion for explanation.
Type  H <return>  for immediate help.
 ...                                              
                                                  
l.10 ...–∞} & \bf{–û–≥—Ä–∞–Ω–∏—á–µ–Ω–∏—è} & \bf{–ë
                                                  –∞–ª–ª—ã} & \bf{–ù–µ–æ–±—Ö...

You may provide a definition with
\DeclareUnicodeCharacter 


scope.TEX:10: LaTeX Error: Unicode character –∞ (U+0430)
               not set up for use with LaTeX.

See the LaTeX manual or LaTeX Companion for explanation.
Type  H <return>  for immediate help.
 ...                                              
                                                  
l.10 ...} & \bf{–û–≥—Ä–∞–Ω–∏—á–µ–Ω–∏—è} & \bf{–ë–∞
                                                  –ª–ª—ã} & \bf{–ù–µ–æ–±—Ö–æ...

You may provide a definition with
\DeclareUnicodeCharacter 


scope.TEX:10: LaTeX Error: Unicode character –ª (U+043B)
               not set up for use with LaTeX.

See the LaTeX manual or LaTeX Companion for explanation.
Type  H <return>  for immediate help.
 ...                                              
                                                  
l.10 ...& \bf{–û–≥—Ä–∞–Ω–∏—á–µ–Ω–∏—è} & \bf{–ë–∞–ª
                                                  –ª—ã} & \bf{–ù–µ–æ–±—Ö–æ–¥...

You may provide a definition with
\DeclareUnicodeCharacter 


scope.TEX:10: LaTeX Error: Unicode character –ª (U+043B)
               not set up for use with LaTeX.

See the LaTeX manual or LaTeX Companion for explanation.
Type  H <return>  for immediate help.
 ...                                              
                                                  
l.10 ...\bf{–û–≥—Ä–∞–Ω–∏—á–µ–Ω–∏—è} & \bf{–ë–∞–ª–ª
                                                  —ã} & \bf{–ù–µ–æ–±—Ö–æ–¥–∏...

You may provide a definition with
\DeclareUnicodeCharacter 


scope.TEX:10: LaTeX Error: Unicode character —ã (U+044B)
               not set up for use with LaTeX.

See the LaTeX manual or LaTeX Companion for explanation.
Type  H <return>  for immediate help.
 ...                                              
                                                  
l.10 ...f{–û–≥—Ä–∞–Ω–∏—á–µ–Ω–∏—è} & \bf{–ë–∞–ª–ª—ã
                                                  } & \bf{–ù–µ–æ–±—Ö–æ–¥–∏–º...

You may provide a definition with
\DeclareUnicodeCharacter 


scope.TEX:10: LaTeX Error: Unicode character –ù (U+041D)
               not set up for use with LaTeX.

See the LaTeX manual or LaTeX Companion for explanation.
Type  H <return>  for immediate help.
 ...                                              
                                                  
l.10 ...–Ω–∏—á–µ–Ω–∏—è} & \bf{–ë–∞–ª–ª—ã} & \bf{–ù
                                                  –µ–æ–±—Ö–æ–¥–∏–º—ã–µ –ø–æ–...

You may provide a definition with
\DeclareUnicodeCharacter 


scope.TEX:10: LaTeX Error: Unicode character –µ (U+0435)
               not set up for use with LaTeX.

See the LaTeX manual or LaTeX Companion for explanation.
Type  H <return>  for immediate help.
 ...                                              
                                                  
l.10 ...–∏—á–µ–Ω–∏—è} & \bf{–ë–∞–ª–ª—ã} & \bf{–ù–µ
                                                  –æ–±—Ö–æ–¥–∏–º—ã–µ –ø–æ–¥–...

You may provide a definition with
\DeclareUnicodeCharacter 


scope.TEX:10: LaTeX Error: Unicode character –æ (U+043E)
               not set up for use with LaTeX.

See the LaTeX manual or LaTeX Companion for explanation.
Type  H <return>  for immediate help.
 ...                                              
                                                  
l.10 ...—á–µ–Ω–∏—è} & \bf{–ë–∞–ª–ª—ã} & \bf{–ù–µ–æ
                                                  –±—Ö–æ–¥–∏–º—ã–µ –ø–æ–¥–∑–...

You may provide a definition with
\DeclareUnicodeCharacter 


scope.TEX:10: LaTeX Error: Unicode character –± (U+0431)
               not set up for use with LaTeX.

See the LaTeX manual or LaTeX Companion for explanation.
Type  H <return>  for immediate help.
 ...                                              
                                                  
l.10 ...–µ–Ω–∏—è} & \bf{–ë–∞–ª–ª—ã} & \bf{–ù–µ–æ–±
                                                  —Ö–æ–¥–∏–º—ã–µ –ø–æ–¥–∑–∞–...

You may provide a definition with
\DeclareUnicodeCharacter 


scope.TEX:10: LaTeX Error: Unicode character —Ö (U+0445)
               not set up for use with LaTeX.

See the LaTeX manual or LaTeX Companion for explanation.
Type  H <return>  for immediate help.
 ...                                              
                                                  
l.10 ...–Ω–∏—è} & \bf{–ë–∞–ª–ª—ã} & \bf{–ù–µ–æ–±—Ö
                                                  –æ–¥–∏–º—ã–µ –ø–æ–¥–∑–∞–¥–...

You may provide a definition with
\DeclareUnicodeCharacter 


scope.TEX:10: LaTeX Error: Unicode character –æ (U+043E)
               not set up for use with LaTeX.

See the LaTeX manual or LaTeX Companion for explanation.
Type  H <return>  for immediate help.
 ...                                              
                                                  
l.10 ...–∏—è} & \bf{–ë–∞–ª–ª—ã} & \bf{–ù–µ–æ–±—Ö–æ
                                                  –¥–∏–º—ã–µ –ø–æ–¥–∑–∞–¥–∞—...

You may provide a definition with
\DeclareUnicodeCharacter 


scope.TEX:10: LaTeX Error: Unicode character –¥ (U+0434)
               not set up for use with LaTeX.

See the LaTeX manual or LaTeX Companion for explanation.
Type  H <return>  for immediate help.
 ...                                              
                                                  
l.10 ...—è} & \bf{–ë–∞–ª–ª—ã} & \bf{–ù–µ–æ–±—Ö–æ–¥
                                                  –∏–º—ã–µ –ø–æ–¥–∑–∞–¥–∞—á–...

You may provide a definition with
\DeclareUnicodeCharacter 


scope.TEX:10: LaTeX Error: Unicode character –∏ (U+0438)
               not set up for use with LaTeX.

See the LaTeX manual or LaTeX Companion for explanation.
Type  H <return>  for immediate help.
 ...                                              
                                                  
l.10 ...} & \bf{–ë–∞–ª–ª—ã} & \bf{–ù–µ–æ–±—Ö–æ–¥–∏
                                                  –º—ã–µ –ø–æ–¥–∑–∞–¥–∞—á–∏}...

You may provide a definition with
\DeclareUnicodeCharacter 


scope.TEX:10: LaTeX Error: Unicode character –º (U+043C)
               not set up for use with LaTeX.

See the LaTeX manual or LaTeX Companion for explanation.
Type  H <return>  for immediate help.
 ...                                              
                                                  
l.10 ...& \bf{–ë–∞–ª–ª—ã} & \bf{–ù–µ–æ–±—Ö–æ–¥–∏–º
                                                  —ã–µ –ø–æ–¥–∑–∞–¥–∞—á–∏} &...

You may provide a definition with
\DeclareUnicodeCharacter 


scope.TEX:10: LaTeX Error: Unicode character —ã (U+044B)
               not set up for use with LaTeX.

See the LaTeX manual or LaTeX Companion for explanation.
Type  H <return>  for immediate help.
 ...                                              
                                                  
l.10 ...\bf{–ë–∞–ª–ª—ã} & \bf{–ù–µ–æ–±—Ö–æ–¥–∏–º—ã
                                                  –µ –ø–æ–¥–∑–∞–¥–∞—á–∏} & \...

You may provide a definition with
\DeclareUnicodeCharacter 


scope.TEX:10: LaTeX Error: Unicode character –µ (U+0435)
               not set up for use with LaTeX.

See the LaTeX manual or LaTeX Companion for explanation.
Type  H <return>  for immediate help.
 ...                                              
                                                  
l.10 ...f{–ë–∞–ª–ª—ã} & \bf{–ù–µ–æ–±—Ö–æ–¥–∏–º—ã–µ
                                                   –ø–æ–¥–∑–∞–¥–∞—á–∏} & \bf...

You may provide a definition with
\DeclareUnicodeCharacter 


scope.TEX:10: LaTeX Error: Unicode character –ø (U+043F)
               not set up for use with LaTeX.

See the LaTeX manual or LaTeX Companion for explanation.
Type  H <return>  for immediate help.
 ...                                              
                                                  
l.10 ...ë–∞–ª–ª—ã} & \bf{–ù–µ–æ–±—Ö–æ–¥–∏–º—ã–µ –ø
                                                  –æ–¥–∑–∞–¥–∞—á–∏} & \bf{–ò...

You may provide a definition with
\DeclareUnicodeCharacter 


scope.TEX:10: LaTeX Error: Unicode character –æ (U+043E)
               not set up for use with LaTeX.

See the LaTeX manual or LaTeX Companion for explanation.
Type  H <return>  for immediate help.
 ...                                              
                                                  
l.10 ...∞–ª–ª—ã} & \bf{–ù–µ–æ–±—Ö–æ–¥–∏–º—ã–µ –ø–æ
                                                  –¥–∑–∞–¥–∞—á–∏} & \bf{–ò–Ω...

You may provide a definition with
\DeclareUnicodeCharacter 


scope.TEX:10: LaTeX Error: Unicode character –¥ (U+0434)
               not set up for use with LaTeX.

See the LaTeX manual or LaTeX Companion for explanation.
Type  H <return>  for immediate help.
 ...                                              
                                                  
l.10 ...ª–ª—ã} & \bf{–ù–µ–æ–±—Ö–æ–¥–∏–º—ã–µ –ø–æ–¥
                                                  –∑–∞–¥–∞—á–∏} & \bf{–ò–Ω—Ñ...

You may provide a definition with
\DeclareUnicodeCharacter 


scope.TEX:10: LaTeX Error: Unicode character –∑ (U+0437)
               not set up for use with LaTeX.

See the LaTeX manual or LaTeX Companion for explanation.
Type  H <return>  for immediate help.
 ...                                              
                                                  
l.10 ...ª—ã} & \bf{–ù–µ–æ–±—Ö–æ–¥–∏–º—ã–µ –ø–æ–¥–∑
                                                  –∞–¥–∞—á–∏} & \bf{–ò–Ω—Ñ–æ...

You may provide a definition with
\DeclareUnicodeCharacter 


scope.TEX:10: LaTeX Error: Unicode character –∞ (U+0430)
               not set up for use with LaTeX.

See the LaTeX manual or LaTeX Companion for explanation.
Type  H <return>  for immediate help.
 ...                                              
                                                  
l.10 ...ã} & \bf{–ù–µ–æ–±—Ö–æ–¥–∏–º—ã–µ –ø–æ–¥–∑–∞
                                                  –¥–∞—á–∏} & \bf{–ò–Ω—Ñ–æ—Ä...

You may provide a definition with
\DeclareUnicodeCharacter 


scope.TEX:10: LaTeX Error: Unicode character –¥ (U+0434)
               not set up for use with LaTeX.

See the LaTeX manual or LaTeX Companion for explanation.
Type  H <return>  for immediate help.
 ...                                              
                                                  
l.10 ... & \bf{–ù–µ–æ–±—Ö–æ–¥–∏–º—ã–µ –ø–æ–¥–∑–∞–¥
                                                  –∞—á–∏} & \bf{–ò–Ω—Ñ–æ—Ä–º...

You may provide a definition with
\DeclareUnicodeCharacter 


scope.TEX:10: LaTeX Error: Unicode character –∞ (U+0430)
               not set up for use with LaTeX.

See the LaTeX manual or LaTeX Companion for explanation.
Type  H <return>  for immediate help.
 ...                                              
                                                  
l.10 ... \bf{–ù–µ–æ–±—Ö–æ–¥–∏–º—ã–µ –ø–æ–¥–∑–∞–¥–∞
                                                  —á–∏} & \bf{–ò–Ω—Ñ–æ—Ä–º–∞...

You may provide a definition with
\DeclareUnicodeCharacter 


scope.TEX:10: LaTeX Error: Unicode character —á (U+0447)
               not set up for use with LaTeX.

See the LaTeX manual or LaTeX Companion for explanation.
Type  H <return>  for immediate help.
 ...                                              
                                                  
l.10 ...bf{–ù–µ–æ–±—Ö–æ–¥–∏–º—ã–µ –ø–æ–¥–∑–∞–¥–∞—á
                                                  –∏} & \bf{–ò–Ω—Ñ–æ—Ä–º–∞—Ü...

You may provide a definition with
\DeclareUnicodeCharacter 


scope.TEX:10: LaTeX Error: Unicode character –∏ (U+0438)
               not set up for use with LaTeX.

See the LaTeX manual or LaTeX Companion for explanation.
Type  H <return>  for immediate help.
 ...                                              
                                                  
l.10 ...{–ù–µ–æ–±—Ö–æ–¥–∏–º—ã–µ –ø–æ–¥–∑–∞–¥–∞—á–∏
                                                  } & \bf{–ò–Ω—Ñ–æ—Ä–º–∞—Ü–∏...

You may provide a definition with
\DeclareUnicodeCharacter 


scope.TEX:10: LaTeX Error: Unicode character –ò (U+0418)
               not set up for use with LaTeX.

See the LaTeX manual or LaTeX Companion for explanation.
Type  H <return>  for immediate help.
 ...                                              
                                                  
l.10 ...Ö–æ–¥–∏–º—ã–µ –ø–æ–¥–∑–∞–¥–∞—á–∏} & \bf{–ò
                                                  –Ω—Ñ–æ—Ä–º–∞—Ü–∏—è –æ –ø—Ä...

You may provide a definition with
\DeclareUnicodeCharacter 


scope.TEX:10: LaTeX Error: Unicode character –Ω (U+043D)
               not set up for use with LaTeX.

See the LaTeX manual or LaTeX Companion for explanation.
Type  H <return>  for immediate help.
 ...                                              
                                                  
l.10 ...æ–¥–∏–º—ã–µ –ø–æ–¥–∑–∞–¥–∞—á–∏} & \bf{–ò–Ω
                                                  —Ñ–æ—Ä–º–∞—Ü–∏—è –æ –ø—Ä–æ...

You may provide a definition with
\DeclareUnicodeCharacter 


scope.TEX:10: LaTeX Error: Unicode character —Ñ (U+0444)
               not set up for use with LaTeX.

See the LaTeX manual or LaTeX Companion for explanation.
Type  H <return>  for immediate help.
 ...                                              
                                                  
l.10 ...¥–∏–º—ã–µ –ø–æ–¥–∑–∞–¥–∞—á–∏} & \bf{–ò–Ω—Ñ
                                                  –æ—Ä–º–∞—Ü–∏—è –æ –ø—Ä–æ–≤...

You may provide a definition with
\DeclareUnicodeCharacter 


scope.TEX:10: LaTeX Error: Unicode character –æ (U+043E)
               not set up for use with LaTeX.

See the LaTeX manual or LaTeX Companion for explanation.
Type  H <return>  for immediate help.
 ...                                              
                                                  
l.10 ...∏–º—ã–µ –ø–æ–¥–∑–∞–¥–∞—á–∏} & \bf{–ò–Ω—Ñ–æ
                                                  —Ä–º–∞—Ü–∏—è –æ –ø—Ä–æ–≤–µ...

You may provide a definition with
\DeclareUnicodeCharacter 


scope.TEX:10: LaTeX Error: Unicode character —Ä (U+0440)
               not set up for use with LaTeX.

See the LaTeX manual or LaTeX Companion for explanation.
Type  H <return>  for immediate help.
 ...                                              
                                                  
l.10 ...º—ã–µ –ø–æ–¥–∑–∞–¥–∞—á–∏} & \bf{–ò–Ω—Ñ–æ—Ä
                                                  –º–∞—Ü–∏—è –æ –ø—Ä–æ–≤–µ—Ä...

You may provide a definition with
\DeclareUnicodeCharacter 


scope.TEX:10: LaTeX Error: Unicode character –º (U+043C)
               not set up for use with LaTeX.

See the LaTeX manual or LaTeX Companion for explanation.
Type  H <return>  for immediate help.
 ...                                              
                                                  
l.10 ...ã–µ –ø–æ–¥–∑–∞–¥–∞—á–∏} & \bf{–ò–Ω—Ñ–æ—Ä–º
                                                  –∞—Ü–∏—è –æ –ø—Ä–æ–≤–µ—Ä–∫...

You may provide a definition with
\DeclareUnicodeCharacter 


scope.TEX:10: LaTeX Error: Unicode character –∞ (U+0430)
               not set up for use with LaTeX.

See the LaTeX manual or LaTeX Companion for explanation.
Type  H <return>  for immediate help.
 ...                                              
                                                  
l.10 ...µ –ø–æ–¥–∑–∞–¥–∞—á–∏} & \bf{–ò–Ω—Ñ–æ—Ä–º–∞
                                                  —Ü–∏—è –æ –ø—Ä–æ–≤–µ—Ä–∫–µ...

You may provide a definition with
\DeclareUnicodeCharacter 


scope.TEX:10: LaTeX Error: Unicode character —Ü (U+0446)
               not set up for use with LaTeX.

See the LaTeX manual or LaTeX Companion for explanation.
Type  H <return>  for immediate help.
 ...                                              
                                                  
l.10 ...–ø–æ–¥–∑–∞–¥–∞—á–∏} & \bf{–ò–Ω—Ñ–æ—Ä–º–∞—Ü
                                                  –∏—è –æ –ø—Ä–æ–≤–µ—Ä–∫–µ} ...

You may provide a definition with
\DeclareUnicodeCharacter 


scope.TEX:10: LaTeX Error: Unicode character –∏ (U+0438)
               not set up for use with LaTeX.

See the LaTeX manual or LaTeX Companion for explanation.
Type  H <return>  for immediate help.
 ...                                              
                                                  
l.10 ...–æ–¥–∑–∞–¥–∞—á–∏} & \bf{–ò–Ω—Ñ–æ—Ä–º–∞—Ü–∏
                                                  —è –æ –ø—Ä–æ–≤–µ—Ä–∫–µ} \\...

You may provide a definition with
\DeclareUnicodeCharacter 


scope.TEX:10: LaTeX Error: Unicode character —è (U+044F)
               not set up for use with LaTeX.

See the LaTeX manual or LaTeX Companion for explanation.
Type  H <return>  for immediate help.
 ...                                              
                                                  
l.10 ...–¥–∑–∞–¥–∞—á–∏} & \bf{–ò–Ω—Ñ–æ—Ä–º–∞—Ü–∏—è
                                                   –æ –ø—Ä–æ–≤–µ—Ä–∫–µ} \\ \...

You may provide a definition with
\DeclareUnicodeCharacter 


scope.TEX:10: LaTeX Error: Unicode character –æ (U+043E)
               not set up for use with LaTeX.

See the LaTeX manual or LaTeX Companion for explanation.
Type  H <return>  for immediate help.
 ...                                              
                                                  
l.10 ...∑–∞–¥–∞—á–∏} & \bf{–ò–Ω—Ñ–æ—Ä–º–∞—Ü–∏—è –æ
                                                   –ø—Ä–æ–≤–µ—Ä–∫–µ} \\ \hline
You may provide a definition with
\DeclareUnicodeCharacter 


scope.TEX:10: LaTeX Error: Unicode character –ø (U+043F)
               not set up for use with LaTeX.

See the LaTeX manual or LaTeX Companion for explanation.
Type  H <return>  for immediate help.
 ...                                              
                                                  
l.10 ...–¥–∞—á–∏} & \bf{–ò–Ω—Ñ–æ—Ä–º–∞—Ü–∏—è –æ –ø
                                                  —Ä–æ–≤–µ—Ä–∫–µ} \\ \hline
You may provide a definition with
\DeclareUnicodeCharacter 


scope.TEX:10: LaTeX Error: Unicode character —Ä (U+0440)
               not set up for use with LaTeX.

See the LaTeX manual or LaTeX Companion for explanation.
Type  H <return>  for immediate help.
 ...                                              
                                                  
l.10 ...–∞—á–∏} & \bf{–ò–Ω—Ñ–æ—Ä–º–∞—Ü–∏—è –æ –ø—Ä
                                                  –æ–≤–µ—Ä–∫–µ} \\ \hline
You may provide a definition with
\DeclareUnicodeCharacter 


scope.TEX:10: LaTeX Error: Unicode character –æ (U+043E)
               not set up for use with LaTeX.

See the LaTeX manual or LaTeX Companion for explanation.
Type  H <return>  for immediate help.
 ...                                              
                                                  
l.10 ...—á–∏} & \bf{–ò–Ω—Ñ–æ—Ä–º–∞—Ü–∏—è –æ –ø—Ä–æ
                                                  –≤–µ—Ä–∫–µ} \\ \hline
You may provide a definition with
\DeclareUnicodeCharacter 


scope.TEX:10: LaTeX Error: Unicode character –≤ (U+0432)
               not set up for use with LaTeX.

See the LaTeX manual or LaTeX Companion for explanation.
Type  H <return>  for immediate help.
 ...                                              
                                                  
l.10 ...–∏} & \bf{–ò–Ω—Ñ–æ—Ä–º–∞—Ü–∏—è –æ –ø—Ä–æ–≤
                                                  –µ—Ä–∫–µ} \\ \hline
You may provide a definition with
\DeclareUnicodeCharacter 


scope.TEX:10: LaTeX Error: Unicode character –µ (U+0435)
               not set up for use with LaTeX.

See the LaTeX manual or LaTeX Companion for explanation.
Type  H <return>  for immediate help.
 ...                                              
                                                  
l.10 ...} & \bf{–ò–Ω—Ñ–æ—Ä–º–∞—Ü–∏—è –æ –ø—Ä–æ–≤–µ
                                                  —Ä–∫–µ} \\ \hline
You may provide a definition with
\DeclareUnicodeCharacter 


scope.TEX:10: LaTeX Error: Unicode character —Ä (U+0440)
               not set up for use with LaTeX.

See the LaTeX manual or LaTeX Companion for explanation.
Type  H <return>  for immediate help.
 ...                                              
                                                  
l.10 ...& \bf{–ò–Ω—Ñ–æ—Ä–º–∞—Ü–∏—è –æ –ø—Ä–æ–≤–µ—Ä
                                                  –∫–µ} \\ \hline
You may provide a definition with
\DeclareUnicodeCharacter 


scope.TEX:10: LaTeX Error: Unicode character –∫ (U+043A)
               not set up for use with LaTeX.

See the LaTeX manual or LaTeX Companion for explanation.
Type  H <return>  for immediate help.
 ...                                              
                                                  
l.10 ...\bf{–ò–Ω—Ñ–æ—Ä–º–∞—Ü–∏—è –æ –ø—Ä–æ–≤–µ—Ä–∫
                                                  –µ} \\ \hline
You may provide a definition with
\DeclareUnicodeCharacter 


scope.TEX:10: LaTeX Error: Unicode character –µ (U+0435)
               not set up for use with LaTeX.

See the LaTeX manual or LaTeX Companion for explanation.
Type  H <return>  for immediate help.
 ...                                              
                                                  
l.10 ...f{–ò–Ω—Ñ–æ—Ä–º–∞—Ü–∏—è –æ –ø—Ä–æ–≤–µ—Ä–∫–µ
                                                  } \\ \hline
You may provide a definition with
\DeclareUnicodeCharacter 


scope.TEX:11: LaTeX Error: Unicode character –ü (U+041F)
               not set up for use with LaTeX.

See the LaTeX manual or LaTeX Companion for explanation.
Type  H <return>  for immediate help.
 ...                                              
                                                  
l.11             examples & --- & $0$ & --- & –ü
                                                –æ–ª–Ω–æ–µ \\ \hline
You may provide a definition with
\DeclareUnicodeCharacter 


scope.TEX:11: LaTeX Error: Unicode character –æ (U+043E)
               not set up for use with LaTeX.

See the LaTeX manual or LaTeX Companion for explanation.
Type  H <return>  for immediate help.
 ...                                              
                                                  
l.11             examples & --- & $0$ & --- & –ü–æ
                                                  –ª–Ω–æ–µ \\ \hline
You may provide a definition with
\DeclareUnicodeCharacter 


scope.TEX:11: LaTeX Error: Unicode character –ª (U+043B)
               not set up for use with LaTeX.

See the LaTeX manual or LaTeX Companion for explanation.
Type  H <return>  for immediate help.
 ...                                              
                                                  
l.11 ...       examples & --- & $0$ & --- & –ü–æ–ª
                                                  –Ω–æ–µ \\ \hline
You may provide a definition with
\DeclareUnicodeCharacter 


scope.TEX:11: LaTeX Error: Unicode character –Ω (U+043D)
               not set up for use with LaTeX.

See the LaTeX manual or LaTeX Companion for explanation.
Type  H <return>  for immediate help.
 ...                                              
                                                  
l.11 ...     examples & --- & $0$ & --- & –ü–æ–ª–Ω
                                                  –æ–µ \\ \hline
You may provide a definition with
\DeclareUnicodeCharacter 


scope.TEX:11: LaTeX Error: Unicode character –æ (U+043E)
               not set up for use with LaTeX.

See the LaTeX manual or LaTeX Companion for explanation.
Type  H <return>  for immediate help.
 ...                                              
                                                  
l.11 ...   examples & --- & $0$ & --- & –ü–æ–ª–Ω–æ
                                                  –µ \\ \hline
You may provide a definition with
\DeclareUnicodeCharacter 


scope.TEX:11: LaTeX Error: Unicode character –µ (U+0435)
               not set up for use with LaTeX.

See the LaTeX manual or LaTeX Companion for explanation.
Type  H <return>  for immediate help.
 ...                                              
                                                  
l.11 ... examples & --- & $0$ & --- & –ü–æ–ª–Ω–æ–µ
                                                   \\ \hline
You may provide a definition with
\DeclareUnicodeCharacter 


scope.TEX:12: LaTeX Error: Unicode character –ü (U+041F)
               not set up for use with LaTeX.

See the LaTeX manual or LaTeX Companion for explanation.
Type  H <return>  for immediate help.
 ...                                              
                                                  
l.12 ... & $0 \le n \le 40$ & $20$ & examples & –ü
                                                  –æ–ª–Ω–æ–µ \\ \hline
You may provide a definition with
\DeclareUnicodeCharacter 


scope.TEX:12: LaTeX Error: Unicode character –æ (U+043E)
               not set up for use with LaTeX.

See the LaTeX manual or LaTeX Companion for explanation.
Type  H <return>  for immediate help.
 ...                                              
                                                  
l.12 ... $0 \le n \le 40$ & $20$ & examples & –ü–æ
                                                  –ª–Ω–æ–µ \\ \hline
You may provide a definition with
\DeclareUnicodeCharacter 


scope.TEX:12: LaTeX Error: Unicode character –ª (U+043B)
               not set up for use with LaTeX.

See the LaTeX manual or LaTeX Companion for explanation.
Type  H <return>  for immediate help.
 ...                                              
                                                  
l.12 ...0 \le n \le 40$ & $20$ & examples & –ü–æ–ª
                                                  –Ω–æ–µ \\ \hline
You may provide a definition with
\DeclareUnicodeCharacter 


scope.TEX:12: LaTeX Error: Unicode character –Ω (U+043D)
               not set up for use with LaTeX.

See the LaTeX manual or LaTeX Companion for explanation.
Type  H <return>  for immediate help.
 ...                                              
                                                  
l.12 ...\le n \le 40$ & $20$ & examples & –ü–æ–ª–Ω
                                                  –æ–µ \\ \hline
You may provide a definition with
\DeclareUnicodeCharacter 


scope.TEX:12: LaTeX Error: Unicode character –æ (U+043E)
               not set up for use with LaTeX.

See the LaTeX manual or LaTeX Companion for explanation.
Type  H <return>  for immediate help.
 ...                                              
                                                  
l.12 ...e n \le 40$ & $20$ & examples & –ü–æ–ª–Ω–æ
                                                  –µ \\ \hline
You may provide a definition with
\DeclareUnicodeCharacter 


scope.TEX:12: LaTeX Error: Unicode character –µ (U+0435)
               not set up for use with LaTeX.

See the LaTeX manual or LaTeX Companion for explanation.
Type  H <return>  for immediate help.
 ...                                              
                                                  
l.12 ...n \le 40$ & $20$ & examples & –ü–æ–ª–Ω–æ–µ
                                                   \\ \hline
You may provide a definition with
\DeclareUnicodeCharacter 


scope.TEX:13: LaTeX Error: Unicode character –ü (U+041F)
               not set up for use with LaTeX.

See the LaTeX manual or LaTeX Companion for explanation.
Type  H <return>  for immediate help.
 ...                                              
                                                  
l.13 ...    $2$ & $n \le 2*10^5$ & $22$ & $1$ & –ü
                                                  –æ–ª–Ω–æ–µ \\ \hline
You may provide a definition with
\DeclareUnicodeCharacter 


scope.TEX:13: LaTeX Error: Unicode character –æ (U+043E)
               not set up for use with LaTeX.

See the LaTeX manual or LaTeX Companion for explanation.
Type  H <return>  for immediate help.
 ...                                              
                                                  
l.13 ...  $2$ & $n \le 2*10^5$ & $22$ & $1$ & –ü–æ
                                                  –ª–Ω–æ–µ \\ \hline
You may provide a definition with
\DeclareUnicodeCharacter 


scope.TEX:13: LaTeX Error: Unicode character –ª (U+043B)
               not set up for use with LaTeX.

See the LaTeX manual or LaTeX Companion for explanation.
Type  H <return>  for immediate help.
 ...                                              
                                                  
l.13 ...$2$ & $n \le 2*10^5$ & $22$ & $1$ & –ü–æ–ª
                                                  –Ω–æ–µ \\ \hline
You may provide a definition with
\DeclareUnicodeCharacter 


scope.TEX:13: LaTeX Error: Unicode character –Ω (U+043D)
               not set up for use with LaTeX.

See the LaTeX manual or LaTeX Companion for explanation.
Type  H <return>  for immediate help.
 ...                                              
                                                  
l.13 ...$ & $n \le 2*10^5$ & $22$ & $1$ & –ü–æ–ª–Ω
                                                  –æ–µ \\ \hline
You may provide a definition with
\DeclareUnicodeCharacter 


scope.TEX:13: LaTeX Error: Unicode character –æ (U+043E)
               not set up for use with LaTeX.

See the LaTeX manual or LaTeX Companion for explanation.
Type  H <return>  for immediate help.
 ...                                              
                                                  
l.13 ...& $n \le 2*10^5$ & $22$ & $1$ & –ü–æ–ª–Ω–æ
                                                  –µ \\ \hline
You may provide a definition with
\DeclareUnicodeCharacter 


scope.TEX:13: LaTeX Error: Unicode character –µ (U+0435)
               not set up for use with LaTeX.

See the LaTeX manual or LaTeX Companion for explanation.
Type  H <return>  for immediate help.
 ...                                              
                                                  
l.13 ...$n \le 2*10^5$ & $22$ & $1$ & –ü–æ–ª–Ω–æ–µ
                                                   \\ \hline
You may provide a definition with
\DeclareUnicodeCharacter 


scope.TEX:14: LaTeX Error: Unicode character –ü (U+041F)
               not set up for use with LaTeX.

See the LaTeX manual or LaTeX Companion for explanation.
Type  H <return>  for immediate help.
 ...                                              
                                                  
l.14 ...        $3$ &  ---  & $58$ & $1$, $2$ & –ü
                                                  –µ—Ä–≤–∞—è –æ—à–∏–±–∫–∞ \\...

You may provide a definition with
\DeclareUnicodeCharacter 


scope.TEX:14: LaTeX Error: Unicode character –µ (U+0435)
               not set up for use with LaTeX.

See the LaTeX manual or LaTeX Companion for explanation.
Type  H <return>  for immediate help.
 ...                                              
                                                  
l.14 ...      $3$ &  ---  & $58$ & $1$, $2$ & –ü–µ
                                                  —Ä–≤–∞—è –æ—à–∏–±–∫–∞ \\ \...

You may provide a definition with
\DeclareUnicodeCharacter 


scope.TEX:14: LaTeX Error: Unicode character —Ä (U+0440)
               not set up for use with LaTeX.

See the LaTeX manual or LaTeX Companion for explanation.
Type  H <return>  for immediate help.
 ...                                              
                                                  
l.14 ...    $3$ &  ---  & $58$ & $1$, $2$ & –ü–µ—Ä
                                                  –≤–∞—è –æ—à–∏–±–∫–∞ \\ \hline

You may provide a definition with
\DeclareUnicodeCharacter 


scope.TEX:14: LaTeX Error: Unicode character –≤ (U+0432)
               not set up for use with LaTeX.

See the LaTeX manual or LaTeX Companion for explanation.
Type  H <return>  for immediate help.
 ...                                              
                                                  
l.14 ...  $3$ &  ---  & $58$ & $1$, $2$ & –ü–µ—Ä–≤
                                                  –∞—è –æ—à–∏–±–∫–∞ \\ \hline
You may provide a definition with
\DeclareUnicodeCharacter 


scope.TEX:14: LaTeX Error: Unicode character –∞ (U+0430)
               not set up for use with LaTeX.

See the LaTeX manual or LaTeX Companion for explanation.
Type  H <return>  for immediate help.
 ...                                              
                                                  
l.14 ...$3$ &  ---  & $58$ & $1$, $2$ & –ü–µ—Ä–≤–∞
                                                  —è –æ—à–∏–±–∫–∞ \\ \hline
You may provide a definition with
\DeclareUnicodeCharacter 


scope.TEX:14: LaTeX Error: Unicode character —è (U+044F)
               not set up for use with LaTeX.

See the LaTeX manual or LaTeX Companion for explanation.
Type  H <return>  for immediate help.
 ...                                              
                                                  
l.14 ...$ &  ---  & $58$ & $1$, $2$ & –ü–µ—Ä–≤–∞—è
                                                   –æ—à–∏–±–∫–∞ \\ \hline
You may provide a definition with
\DeclareUnicodeCharacter 


scope.TEX:14: LaTeX Error: Unicode character –æ (U+043E)
               not set up for use with LaTeX.

See the LaTeX manual or LaTeX Companion for explanation.
Type  H <return>  for immediate help.
 ...                                              
                                                  
l.14 ...  ---  & $58$ & $1$, $2$ & –ü–µ—Ä–≤–∞—è –æ
                                                  —à–∏–±–∫–∞ \\ \hline
You may provide a definition with
\DeclareUnicodeCharacter 


scope.TEX:14: LaTeX Error: Unicode character —à (U+0448)
               not set up for use with LaTeX.

See the LaTeX manual or LaTeX Companion for explanation.
Type  H <return>  for immediate help.
 ...                                              
                                                  
l.14 ...---  & $58$ & $1$, $2$ & –ü–µ—Ä–≤–∞—è –æ—à
                                                  –∏–±–∫–∞ \\ \hline
You may provide a definition with
\DeclareUnicodeCharacter 


scope.TEX:14: LaTeX Error: Unicode character –∏ (U+0438)
               not set up for use with LaTeX.

See the LaTeX manual or LaTeX Companion for explanation.
Type  H <return>  for immediate help.
 ...                                              
                                                  
l.14 ...-  & $58$ & $1$, $2$ & –ü–µ—Ä–≤–∞—è –æ—à–∏
                                                  –±–∫–∞ \\ \hline
You may provide a definition with
\DeclareUnicodeCharacter 


scope.TEX:14: LaTeX Error: Unicode character –± (U+0431)
               not set up for use with LaTeX.

See the LaTeX manual or LaTeX Companion for explanation.
Type  H <return>  for immediate help.
 ...                                              
                                                  
l.14 ... & $58$ & $1$, $2$ & –ü–µ—Ä–≤–∞—è –æ—à–∏–±
                                                  –∫–∞ \\ \hline
You may provide a definition with
\DeclareUnicodeCharacter 


scope.TEX:14: LaTeX Error: Unicode character –∫ (U+043A)
               not set up for use with LaTeX.

See the LaTeX manual or LaTeX Companion for explanation.
Type  H <return>  for immediate help.
 ...                                              
                                                  
l.14 ... $58$ & $1$, $2$ & –ü–µ—Ä–≤–∞—è –æ—à–∏–±–∫
                                                  –∞ \\ \hline
You may provide a definition with
\DeclareUnicodeCharacter 


scope.TEX:14: LaTeX Error: Unicode character –∞ (U+0430)
               not set up for use with LaTeX.

See the LaTeX manual or LaTeX Companion for explanation.
Type  H <return>  for immediate help.
 ...                                              
                                                  
l.14 ...58$ & $1$, $2$ & –ü–µ—Ä–≤–∞—è –æ—à–∏–±–∫–∞
                                                   \\ \hline
You may provide a definition with
\DeclareUnicodeCharacter 

[1

{C:/Users/1/AppData/Local/MiKTeX/fonts/map/pdftex/pdftex.map}]
(C:/Users\1\OneDrive\–†–∞–±–æ—á–∏–π —Å—Ç–æ–ª\statisticsPro\StatisticsTesting\au
xil\scope.aux) ) 
Here is how much of TeX's memory you used:
 2112 strings out of 478338
 34406 string characters out of 2838587
 332759 words of memory out of 3000000
 20590 multiletter control sequences out of 15000+600000
 469567 words of font info for 29 fonts, out of 8000000 for 9000
 1141 hyphenation exceptions out of 8191
 39i,7n,48p,226b,262s stack positions out of 10000i,1000n,20000p,200000b,80000s
<C:/Users/1/AppData/Local/Programs/MiKTeX/fonts/type1/public/am
sfonts/cm/cmmi10.pfb><C:/Users/1/AppData/Local/Programs/MiKTeX/fonts/type1/publ
ic/amsfonts/cm/cmr10.pfb><C:/Users/1/AppData/Local/Programs/MiKTeX/fonts/type1/
public/amsfonts/cm/cmr7.pfb><C:/Users/1/AppData/Local/Programs/MiKTeX/fonts/typ
e1/public/amsfonts/cm/cmsy10.pfb>
Output written on "C:/Users\1\OneDrive\–†–∞–±–æ—á–∏–π —Å—Ç–æ–ª\statisticsPro\St
atisticsTesting\out\scope.pdf" (1 page, 41196 bytes).
PDF statistics:
 26 PDF objects out of 1000 (max. 8388607)
 0 named destinations out of 1000 (max. 500000)
 1 words of extra memory for PDF output out of 10000 (max. 10000000)

